nohup: ignoring input

> almas-dimas-backend@1.0.0 start
> node server.js


🚀 Serveur ALMAS & DIMAS démarré avec succès!
📍 Port: 5000
🌍 Environnement: development
🔗 URL: https://5000-i2xmwsmjpepi9hjwppg11-ae0560ac.manusvm.computer
📊 Dashboard Admin: https://5000-i2xmwsmjpepi9hjwppg11-ae0560ac.manusvm.computer/api/dashboard/admin
👤 Dashboard Vendeur: https://5000-i2xmwsmjpepi9hjwppg11-ae0560ac.manusvm.computer/api/dashboard/seller
🏥 Health Check: https://5000-i2xmwsmjpepi9hjwppg11-ae0560ac.manusvm.computer/health
  
✅ MongoDB connecté avec succès: localhost
📊 Base de données: almasdimas
2025-07-23T10:50:46.277Z - GET /api/products
[PRODUCT] Fetched products from database. Count: 5
2025-07-23T10:50:46.325Z - GET /api/products
[PRODUCT] Fetched products from database. Count: 5
2025-07-23T10:50:49.772Z - GET /api/products
[PRODUCT] Fetched products from database. Count: 5
2025-07-23T10:50:49.796Z - GET /api/products
[PRODUCT] Fetched products from database. Count: 5
2025-07-23T10:50:54.207Z - GET /api/products
[PRODUCT] Fetched products from database. Count: 5
2025-07-23T10:50:54.218Z - GET /api/products
[PRODUCT] Fetched products from database. Count: 5
2025-07-23T10:50:57.986Z - GET /api/products
[PRODUCT] Fetched products from database. Count: 5
2025-07-23T10:50:58.000Z - GET /api/products
[PRODUCT] Fetched products from database. Count: 5
2025-07-23T10:51:02.708Z - GET /api/products
[PRODUCT] Fetched products from database. Count: 5
2025-07-23T10:51:02.718Z - GET /api/products
[PRODUCT] Fetched products from database. Count: 5
2025-07-23T10:51:05.958Z - GET /api/products/6880b96b8ca697bab7c70549
2025-07-23T10:51:05.963Z - GET /api/products/6880b96b8ca697bab7c70549
2025-07-23T10:51:07.409Z - GET /api/products/6880b96b8ca697bab7c70549
2025-07-23T10:51:07.426Z - GET /api/products/6880b96b8ca697bab7c70549
2025-07-23T10:51:11.738Z - GET /api/products/6880b96b8ca697bab7c70549
2025-07-23T10:51:11.745Z - GET /api/products/6880b96b8ca697bab7c70549
2025-07-23T10:51:14.942Z - GET /api/products/6880b96b8ca697bab7c70549
2025-07-23T10:51:14.956Z - GET /api/products/6880b96b8ca697bab7c70549
2025-07-23T10:51:17.433Z - GET /api/products/6880b96b8ca697bab7c70549
2025-07-23T10:51:17.443Z - GET /api/products/6880b96b8ca697bab7c70549
2025-07-23T10:51:19.499Z - GET /api/products/6880b96b8ca697bab7c70549
2025-07-23T10:51:19.524Z - GET /api/products/6880b96b8ca697bab7c70549
2025-07-23T10:51:22.979Z - GET /api/products/6880b96b8ca697bab7c70549
2025-07-23T10:51:22.983Z - GET /api/products/6880b96b8ca697bab7c70549
2025-07-23T10:51:25.572Z - GET /api/products/6880b96b8ca697bab7c70549
2025-07-23T10:51:25.586Z - GET /api/products/6880b96b8ca697bab7c70549
2025-07-23T10:51:30.202Z - GET /api/products/6880b96b8ca697bab7c70549
2025-07-23T10:51:30.215Z - GET /api/products/6880b96b8ca697bab7c70549
2025-07-23T10:51:37.850Z - GET /api/products/6880b96b8ca697bab7c70549
2025-07-23T10:51:37.860Z - GET /api/products/6880b96b8ca697bab7c70549
2025-07-23T10:51:38.270Z - GET /api/products/6880b96b8ca697bab7c70549
2025-07-23T10:51:38.277Z - GET /api/products/6880b96b8ca697bab7c70549
2025-07-23T10:51:38.651Z - GET /api/products/6880b96b8ca697bab7c70549
2025-07-23T10:51:38.659Z - GET /api/products/6880b96b8ca697bab7c70549
2025-07-23T10:51:39.361Z - GET /api/products/6880b96b8ca697bab7c70549
2025-07-23T10:51:39.371Z - GET /api/products/6880b96b8ca697bab7c70549
2025-07-23T10:51:40.029Z - GET /api/products/6880b96b8ca697bab7c70549
2025-07-23T10:51:40.038Z - GET /api/products/6880b96b8ca697bab7c70549
2025-07-23T10:51:41.028Z - GET /api/products/6880b96b8ca697bab7c70549
2025-07-23T10:51:41.034Z - GET /api/products/6880b96b8ca697bab7c70549
2025-07-23T10:51:42.764Z - GET /api/products/6880b96b8ca697bab7c70549
2025-07-23T10:51:42.772Z - GET /api/products/6880b96b8ca697bab7c70549
2025-07-23T10:51:47.699Z - GET /api/products/6880b96b8ca697bab7c70549
2025-07-23T10:51:47.704Z - GET /api/products/6880b96b8ca697bab7c70549
2025-07-23T10:51:50.142Z - GET /api/products/6880b96b8ca697bab7c70549
2025-07-23T10:51:50.147Z - GET /api/products/6880b96b8ca697bab7c70549
2025-07-23T10:51:51.319Z - GET /api/products/6880b96b8ca697bab7c70549
2025-07-23T10:51:51.327Z - GET /api/products/6880b96b8ca697bab7c70549
2025-07-23T10:51:55.165Z - GET /api/products/6880b96b8ca697bab7c70549
2025-07-23T10:51:55.766Z - GET /api/products/6880b96b8ca697bab7c70549
2025-07-23T10:51:55.770Z - GET /api/products/6880b96b8ca697bab7c70549
2025-07-23T10:51:58.805Z - GET /api/products/6880b96b8ca697bab7c70549
2025-07-23T10:51:58.809Z - GET /api/products/6880b96b8ca697bab7c70549
2025-07-23T10:52:00.892Z - GET /api/products/6880b96b8ca697bab7c70549
2025-07-23T10:52:00.897Z - GET /api/products/6880b96b8ca697bab7c70549
2025-07-23T10:52:25.027Z - GET /api/products
[PRODUCT] Fetched products from database. Count: 5
2025-07-23T10:52:25.034Z - GET /api/products
[PRODUCT] Fetched products from database. Count: 5
2025-07-23T10:52:28.222Z - GET /api/products
[PRODUCT] Fetched products from database. Count: 5
2025-07-23T10:52:28.239Z - GET /api/products
[PRODUCT] Fetched products from database. Count: 5
2025-07-23T10:52:32.519Z - GET /api/products
[PRODUCT] Fetched products from database. Count: 5
2025-07-23T10:52:32.527Z - GET /api/products
[PRODUCT] Fetched products from database. Count: 5
2025-07-23T10:52:36.282Z - GET /api/products
[PRODUCT] Fetched products from database. Count: 5
2025-07-23T10:52:36.291Z - GET /api/products
[PRODUCT] Fetched products from database. Count: 5
2025-07-23T10:52:39.675Z - GET /api/products
[PRODUCT] Fetched products from database. Count: 5
2025-07-23T10:52:39.685Z - GET /api/products
[PRODUCT] Fetched products from database. Count: 5
2025-07-23T10:52:42.012Z - GET /api/products
[PRODUCT] Fetched products from database. Count: 5
2025-07-23T10:52:42.034Z - GET /api/products
[PRODUCT] Fetched products from database. Count: 5
2025-07-23T10:52:44.479Z - GET /api/products
[PRODUCT] Fetched products from database. Count: 5
2025-07-23T10:52:44.497Z - GET /api/products
[PRODUCT] Fetched products from database. Count: 5
2025-07-23T10:52:47.111Z - GET /api/products
[PRODUCT] Fetched products from database. Count: 5
2025-07-23T10:52:47.119Z - GET /api/products
[PRODUCT] Fetched products from database. Count: 5
2025-07-23T10:52:50.350Z - GET /api/products
[PRODUCT] Fetched products from database. Count: 5
2025-07-23T10:52:50.364Z - GET /api/products
[PRODUCT] Fetched products from database. Count: 5
2025-07-23T10:52:52.613Z - GET /api/products
[PRODUCT] Fetched products from database. Count: 5
2025-07-23T10:52:52.628Z - GET /api/products
[PRODUCT] Fetched products from database. Count: 5
2025-07-23T10:53:01.360Z - GET /api/products
[PRODUCT] Fetched products from database. Count: 5
2025-07-23T10:53:01.377Z - GET /api/products
[PRODUCT] Fetched products from database. Count: 5
2025-07-23T10:53:02.656Z - GET /api/products
[PRODUCT] Fetched products from database. Count: 5
2025-07-23T10:53:02.665Z - GET /api/products
[PRODUCT] Fetched products from database. Count: 5
2025-07-23T10:53:04.024Z - GET /api/products
[PRODUCT] Fetched products from database. Count: 5
2025-07-23T10:53:04.052Z - GET /api/products
[PRODUCT] Fetched products from database. Count: 5
2025-07-23T10:53:05.892Z - GET /api/products
[PRODUCT] Fetched products from database. Count: 5
2025-07-23T10:53:05.909Z - GET /api/products
[PRODUCT] Fetched products from database. Count: 5
2025-07-23T10:53:07.761Z - GET /api/products
[PRODUCT] Fetched products from database. Count: 5
2025-07-23T10:53:07.775Z - GET /api/products
[PRODUCT] Fetched products from database. Count: 5
2025-07-23T10:53:09.294Z - GET /api/products
[PRODUCT] Fetched products from database. Count: 5
2025-07-23T10:53:09.313Z - GET /api/products
[PRODUCT] Fetched products from database. Count: 5
2025-07-23T10:53:12.976Z - GET /api/products
[PRODUCT] Fetched products from database. Count: 5
2025-07-23T10:53:12.988Z - GET /api/products
[PRODUCT] Fetched products from database. Count: 5
2025-07-23T10:53:15.379Z - GET /api/products
[PRODUCT] Fetched products from database. Count: 5
2025-07-23T10:53:15.399Z - GET /api/products
[PRODUCT] Fetched products from database. Count: 5
2025-07-23T10:53:16.981Z - GET /api/products
[PRODUCT] Fetched products from database. Count: 5
2025-07-23T10:53:16.994Z - GET /api/products
[PRODUCT] Fetched products from database. Count: 5
2025-07-23T10:53:21.598Z - GET /api/products
[PRODUCT] Fetched products from database. Count: 5
2025-07-23T10:53:21.615Z - GET /api/products
[PRODUCT] Fetched products from database. Count: 5
2025-07-23T10:53:25.459Z - GET /api/products
[PRODUCT] Fetched products from database. Count: 5
2025-07-23T10:53:25.487Z - GET /api/products
[PRODUCT] Fetched products from database. Count: 5
2025-07-23T10:53:27.726Z - GET /api/products
[PRODUCT] Fetched products from database. Count: 5
2025-07-23T10:53:27.733Z - GET /api/products
[PRODUCT] Fetched products from database. Count: 5
2025-07-23T10:53:30.696Z - GET /api/products/6880b96b8ca697bab7c7054f
2025-07-23T10:53:33.366Z - GET /api/products
[PRODUCT] Fetched products from database. Count: 5
2025-07-23T10:53:33.382Z - GET /api/products
[PRODUCT] Fetched products from database. Count: 5
2025-07-23T10:53:37.557Z - GET /api/products
[PRODUCT] Fetched products from database. Count: 5
2025-07-23T10:53:37.583Z - GET /api/products
[PRODUCT] Fetched products from database. Count: 5
2025-07-23T10:53:39.785Z - GET /api/products
[PRODUCT] Fetched products from database. Count: 5
2025-07-23T10:53:39.804Z - GET /api/products
[PRODUCT] Fetched products from database. Count: 5
2025-07-23T10:53:44.120Z - GET /api/products
[PRODUCT] Fetched products from database. Count: 5
2025-07-23T10:53:44.141Z - GET /api/products
[PRODUCT] Fetched products from database. Count: 5
2025-07-23T10:53:45.832Z - GET /api/products
[PRODUCT] Fetched products from database. Count: 5
2025-07-23T10:53:45.837Z - GET /api/products
[PRODUCT] Fetched products from database. Count: 5
2025-07-23T10:53:50.185Z - GET /api/products
[PRODUCT] Fetched products from database. Count: 5
2025-07-23T10:53:50.204Z - GET /api/products
[PRODUCT] Fetched products from database. Count: 5
2025-07-23T10:53:54.684Z - GET /api/products
[PRODUCT] Fetched products from database. Count: 5
2025-07-23T10:53:54.694Z - GET /api/products
[PRODUCT] Fetched products from database. Count: 5
2025-07-23T10:53:59.625Z - GET /api/products
[PRODUCT] Fetched products from database. Count: 5
2025-07-23T10:53:59.644Z - GET /api/products
[PRODUCT] Fetched products from database. Count: 5
2025-07-23T10:54:02.649Z - GET /api/products
[PRODUCT] Fetched products from database. Count: 5
2025-07-23T10:54:02.668Z - GET /api/products
[PRODUCT] Fetched products from database. Count: 5
2025-07-23T10:54:04.959Z - GET /api/products
[PRODUCT] Fetched products from database. Count: 5
2025-07-23T10:54:04.979Z - GET /api/products
[PRODUCT] Fetched products from database. Count: 5
2025-07-23T10:54:07.255Z - GET /api/products
[PRODUCT] Fetched products from database. Count: 5
2025-07-23T10:54:07.295Z - GET /api/products
[PRODUCT] Fetched products from database. Count: 5
2025-07-23T10:54:11.677Z - GET /api/products
[PRODUCT] Fetched products from database. Count: 5
2025-07-23T10:54:11.685Z - GET /api/products
[PRODUCT] Fetched products from database. Count: 5
2025-07-23T10:54:15.026Z - GET /api/products
[PRODUCT] Fetched products from database. Count: 5
2025-07-23T10:54:15.048Z - GET /api/products
[PRODUCT] Fetched products from database. Count: 5
2025-07-23T10:54:18.021Z - GET /api/products
[PRODUCT] Fetched products from database. Count: 5
2025-07-23T10:54:18.043Z - GET /api/products
[PRODUCT] Fetched products from database. Count: 5
2025-07-23T10:54:22.245Z - GET /api/products
[PRODUCT] Fetched products from database. Count: 5
2025-07-23T10:54:22.265Z - GET /api/products
[PRODUCT] Fetched products from database. Count: 5
